Building DAG of jobs...
Using shell: /usr/bin/bash
Provided cores: 1 (use --cores to define parallelism)
Rules claiming more threads will be scaled down.
Job stats:
job         count    min threads    max threads
--------  -------  -------------  -------------
all             1              1              1
guppy           1              1              1
nanoplot        1              1              1
total           3              1              1

Select jobs to execute...

[Fri May 12 15:13:55 2023]
rule guppy:
    input: /storage/scratch01/groups/bu/myeloma_altum/agostoli/board_alegosto01/sample_data
    output: /storage/scratch01/groups/bu/myeloma_altum/agostoli/board_alegosto01/guppy/output/sample1, /storage/scratch01/groups/bu/myeloma_altum/agostoli/board_alegosto01/guppy/output/sample1/sequencing_summary.txt
    jobid: 2
    reason: Missing output files: /storage/scratch01/groups/bu/myeloma_altum/agostoli/board_alegosto01/guppy/output/sample1/sequencing_summary.txt
    wildcards: sample=sample1
    resources: tmpdir=/tmp

[Fri May 12 15:13:55 2023]
Error in rule guppy:
    jobid: 2
    input: /storage/scratch01/groups/bu/myeloma_altum/agostoli/board_alegosto01/sample_data
    output: /storage/scratch01/groups/bu/myeloma_altum/agostoli/board_alegosto01/guppy/output/sample1, /storage/scratch01/groups/bu/myeloma_altum/agostoli/board_alegosto01/guppy/output/sample1/sequencing_summary.txt
    shell:
        /storage/scratch01/groups/bu/myeloma_altum/agostoli/ont-guppy/bin/guppy_basecaller --model_file template_r9.4.1_450bps_hac.jsn --save_path /storage/scratch01/groups/bu/myeloma_altum/agostoli/board_alegosto01/guppy/output/sample1 /storage/scratch01/groups/bu/myeloma_altum/agostoli/board_alegosto01/guppy/output/sample1/sequencing_summary.txt --input_path /storage/scratch01/groups/bu/myeloma_altum/agostoli/board_alegosto01/sample_data --device cuda:all:100% --disable_pings -c dna_r9.4.1_450bps_fast.cfg --min_qscore 7 --recursive -x 'cuda:all' --num_callers 4 --gpu_runners_per_device 4 --chunks_per_runner 1024 --chunk_size 1000 --compress_fastq
        (one of the commands exited with non-zero exit code; note that snakemake uses bash strict mode!)

Removing output files of failed job guppy since they might be corrupted:
/storage/scratch01/groups/bu/myeloma_altum/agostoli/board_alegosto01/guppy/output/sample1
Shutting down, this might take some time.
Exiting because a job execution failed. Look above for error message
Complete log: .snakemake/log/2023-05-12T151354.246138.snakemake.log
