Building DAG of jobs...
Using shell: /usr/bin/bash
Provided cores: 1 (use --cores to define parallelism)
Rules claiming more threads will be scaled down.
Job stats:
job         count    min threads    max threads
--------  -------  -------------  -------------
all             1              1              1
guppy           2              1              1
nanoplot        2              1              1
total           5              1              1

Select jobs to execute...

[Fri May 12 14:42:02 2023]
rule guppy:
    input: /storage/scratch01/groups/bu/myeloma_altum/altum/Sequencing_runs/1901449_nanopore_20220523/no_sample/20220523_1017_MN38629_FAR64621_15a8c2b1/fast5
    output: /storage/scratch01/groups/bu/myeloma_altum/agostoli/guppy/output/sample2/sequencing_summary.txt
    jobid: 4
    reason: Missing output files: /storage/scratch01/groups/bu/myeloma_altum/agostoli/guppy/output/sample2/sequencing_summary.txt
    wildcards: sample=sample2
    resources: tmpdir=/tmp

