Building DAG of jobs...
Using shell: /usr/bin/bash
Provided cores: 1 (use --cores to define parallelism)
Rules claiming more threads will be scaled down.
Job stats:
job         count    min threads    max threads
--------  -------  -------------  -------------
all             1              1              1
guppy           1              1              1
nanoplot        1              1              1
total           3              1              1

Select jobs to execute...

[Fri May 12 15:32:07 2023]
rule guppy:
    input: /storage/scratch01/groups/bu/myeloma_altum/agostoli/board_alegosto01/sample_data
    output: /storage/scratch01/groups/bu/myeloma_altum/agostoli/board_alegosto01/guppy/output/sample1
    jobid: 2
    reason: Missing output files: /storage/scratch01/groups/bu/myeloma_altum/agostoli/board_alegosto01/guppy/output/sample1
    wildcards: sample=sample1
    resources: tmpdir=/tmp

[Fri May 12 15:37:24 2023]
Finished job 2.
1 of 3 steps (33%) done
Select jobs to execute...

[Fri May 12 15:37:24 2023]
rule nanoplot:
    input: /storage/scratch01/groups/bu/myeloma_altum/agostoli/board_alegosto01/guppy/output/sample1
    output: /storage/scratch01/groups/bu/myeloma_altum/agostoli/board_alegosto01/nanoplot/output/sample1
    jobid: 1
    reason: Missing output files: /storage/scratch01/groups/bu/myeloma_altum/agostoli/board_alegosto01/nanoplot/output/sample1; Input files updated by another job: /storage/scratch01/groups/bu/myeloma_altum/agostoli/board_alegosto01/guppy/output/sample1
    wildcards: sample=sample1
    resources: tmpdir=/tmp

[Fri May 12 15:37:53 2023]
Finished job 1.
2 of 3 steps (67%) done
Select jobs to execute...

[Fri May 12 15:37:53 2023]
localrule all:
    input: /storage/scratch01/groups/bu/myeloma_altum/agostoli/board_alegosto01/nanoplot/output/sample1
    jobid: 0
    reason: Input files updated by another job: /storage/scratch01/groups/bu/myeloma_altum/agostoli/board_alegosto01/nanoplot/output/sample1
    resources: tmpdir=/tmp

[Fri May 12 15:37:53 2023]
Finished job 0.
3 of 3 steps (100%) done
Complete log: .snakemake/log/2023-05-12T153207.125675.snakemake.log
